<?xml version="1.0" encoding="utf-8"?><testsuites name="pytest tests"><testsuite name="pytest" errors="0" failures="0" skipped="0" tests="20" time="15.653" timestamp="2026-02-21T08:07:39.268352+00:00" hostname="agent-env-26b8f5aa-b5f3-4996-a6f4-0f2dc00e763a"><testcase classname="backend.tests.test_fleetflow_api.TestHealthCheck" name="test_health_endpoint" time="0.473" /><testcase classname="backend.tests.test_fleetflow_api.TestAuthentication" name="test_login_manager" time="0.565" /><testcase classname="backend.tests.test_fleetflow_api.TestAuthentication" name="test_login_dispatcher" time="0.625" /><testcase classname="backend.tests.test_fleetflow_api.TestAuthentication" name="test_login_safety" time="0.559" /><testcase classname="backend.tests.test_fleetflow_api.TestAuthentication" name="test_login_analyst" time="0.602" /><testcase classname="backend.tests.test_fleetflow_api.TestAuthentication" name="test_login_invalid_credentials" time="0.344" /><testcase classname="backend.tests.test_fleetflow_api.TestAuthentication" name="test_get_current_user" time="0.661" /><testcase classname="backend.tests.test_fleetflow_api.TestAuthentication" name="test_forgot_password_mock" time="0.109" /><testcase classname="backend.tests.test_fleetflow_api.TestVehicles" name="test_get_vehicles" time="0.949" /><testcase classname="backend.tests.test_fleetflow_api.TestVehicles" name="test_vehicle_data_structure" time="0.900" /><testcase classname="backend.tests.test_fleetflow_api.TestDrivers" name="test_get_drivers" time="0.902" /><testcase classname="backend.tests.test_fleetflow_api.TestDrivers" name="test_driver_data_structure" time="0.911" /><testcase classname="backend.tests.test_fleetflow_api.TestTrips" name="test_get_trips" time="0.901" /><testcase classname="backend.tests.test_fleetflow_api.TestTrips" name="test_trip_includes_relations" time="0.900" /><testcase classname="backend.tests.test_fleetflow_api.TestMaintenance" name="test_get_maintenance" time="0.965" /><testcase classname="backend.tests.test_fleetflow_api.TestExpenses" name="test_get_expenses" time="0.915" /><testcase classname="backend.tests.test_fleetflow_api.TestAnalytics" name="test_analytics_summary" time="1.861" /><testcase classname="backend.tests.test_fleetflow_api.TestExport" name="test_csv_export" time="0.892" /><testcase classname="backend.tests.test_fleetflow_api.TestRoleBasedAccess" name="test_analyst_cannot_create_vehicle" time="0.659" /><testcase classname="backend.tests.test_fleetflow_api.TestRoleBasedAccess" name="test_dispatcher_can_read_vehicles" time="0.883" /></testsuite></testsuites>